[2021-04-07 07:22:27Z INFO HostContext] No proxy settings were found based on environmental variables (http_proxy/https_proxy/HTTP_PROXY/HTTPS_PROXY)
[2021-04-07 07:22:27Z INFO HostContext] Well known directory 'Bin': '/Users/sunmingyang/Documents/test/deployDemo/prod/actions-runner/bin'
[2021-04-07 07:22:27Z INFO HostContext] Well known directory 'Root': '/Users/sunmingyang/Documents/test/deployDemo/prod/actions-runner'
[2021-04-07 07:22:27Z INFO HostContext] Well known config file 'Credentials': '/Users/sunmingyang/Documents/test/deployDemo/prod/actions-runner/.credentials'
[2021-04-07 07:22:27Z INFO Listener] Runner is built for OSX (X64) - osx-x64.
[2021-04-07 07:22:27Z INFO Listener] RuntimeInformation: Darwin 18.7.0 Darwin Kernel Version 18.7.0: Mon Aug 31 20:53:32 PDT 2020; root:xnu-4903.278.44~1/RELEASE_X86_64.
[2021-04-07 07:22:27Z INFO Listener] Version: 2.277.1
[2021-04-07 07:22:27Z INFO Listener] Commit: 183a3dd9a0d4d51feddc5fe9fa6c3b5f8b08343d
[2021-04-07 07:22:27Z INFO Listener] Culture: 
[2021-04-07 07:22:27Z INFO Listener] UI Culture: 
[2021-04-07 07:22:27Z INFO HostContext] Well known directory 'Bin': '/Users/sunmingyang/Documents/test/deployDemo/prod/actions-runner/bin'
[2021-04-07 07:22:27Z INFO HostContext] Well known directory 'Root': '/Users/sunmingyang/Documents/test/deployDemo/prod/actions-runner'
[2021-04-07 07:22:27Z INFO Listener] Validating directory permissions for: '/Users/sunmingyang/Documents/test/deployDemo/prod/actions-runner'
[2021-04-07 07:22:27Z INFO CommandLineParser] Parse
[2021-04-07 07:22:27Z INFO CommandLineParser] Parsing 1 args
[2021-04-07 07:22:27Z INFO CommandLineParser] parsing argument
[2021-04-07 07:22:27Z INFO CommandLineParser] HasArgs: False
[2021-04-07 07:22:27Z INFO CommandLineParser] Adding Command: run
[2021-04-07 07:22:27Z INFO Listener] Arguments parsed
[2021-04-07 07:22:27Z INFO Runner] ExecuteCommand
[2021-04-07 07:22:27Z INFO ConfigurationStore] currentAssemblyLocation: /Users/sunmingyang/Documents/test/deployDemo/prod/actions-runner/bin/Runner.Listener.dll
[2021-04-07 07:22:27Z INFO HostContext] Well known directory 'Bin': '/Users/sunmingyang/Documents/test/deployDemo/prod/actions-runner/bin'
[2021-04-07 07:22:27Z INFO ConfigurationStore] binPath: /Users/sunmingyang/Documents/test/deployDemo/prod/actions-runner/bin
[2021-04-07 07:22:27Z INFO HostContext] Well known directory 'Bin': '/Users/sunmingyang/Documents/test/deployDemo/prod/actions-runner/bin'
[2021-04-07 07:22:27Z INFO HostContext] Well known directory 'Root': '/Users/sunmingyang/Documents/test/deployDemo/prod/actions-runner'
[2021-04-07 07:22:27Z INFO ConfigurationStore] RootFolder: /Users/sunmingyang/Documents/test/deployDemo/prod/actions-runner
[2021-04-07 07:22:27Z INFO HostContext] Well known directory 'Bin': '/Users/sunmingyang/Documents/test/deployDemo/prod/actions-runner/bin'
[2021-04-07 07:22:27Z INFO HostContext] Well known directory 'Root': '/Users/sunmingyang/Documents/test/deployDemo/prod/actions-runner'
[2021-04-07 07:22:27Z INFO HostContext] Well known config file 'Runner': '/Users/sunmingyang/Documents/test/deployDemo/prod/actions-runner/.runner'
[2021-04-07 07:22:27Z INFO ConfigurationStore] ConfigFilePath: /Users/sunmingyang/Documents/test/deployDemo/prod/actions-runner/.runner
[2021-04-07 07:22:27Z INFO HostContext] Well known directory 'Bin': '/Users/sunmingyang/Documents/test/deployDemo/prod/actions-runner/bin'
[2021-04-07 07:22:27Z INFO HostContext] Well known directory 'Root': '/Users/sunmingyang/Documents/test/deployDemo/prod/actions-runner'
[2021-04-07 07:22:27Z INFO HostContext] Well known config file 'Credentials': '/Users/sunmingyang/Documents/test/deployDemo/prod/actions-runner/.credentials'
[2021-04-07 07:22:27Z INFO ConfigurationStore] CredFilePath: /Users/sunmingyang/Documents/test/deployDemo/prod/actions-runner/.credentials
[2021-04-07 07:22:27Z INFO HostContext] Well known directory 'Bin': '/Users/sunmingyang/Documents/test/deployDemo/prod/actions-runner/bin'
[2021-04-07 07:22:27Z INFO HostContext] Well known directory 'Root': '/Users/sunmingyang/Documents/test/deployDemo/prod/actions-runner'
[2021-04-07 07:22:27Z INFO HostContext] Well known config file 'MigratedCredentials': '/Users/sunmingyang/Documents/test/deployDemo/prod/actions-runner/.credentials_migrated'
[2021-04-07 07:22:27Z INFO ConfigurationStore] MigratedCredFilePath: /Users/sunmingyang/Documents/test/deployDemo/prod/actions-runner/.credentials_migrated
[2021-04-07 07:22:27Z INFO HostContext] Well known directory 'Bin': '/Users/sunmingyang/Documents/test/deployDemo/prod/actions-runner/bin'
[2021-04-07 07:22:27Z INFO HostContext] Well known directory 'Root': '/Users/sunmingyang/Documents/test/deployDemo/prod/actions-runner'
[2021-04-07 07:22:27Z INFO HostContext] Well known config file 'Service': '/Users/sunmingyang/Documents/test/deployDemo/prod/actions-runner/.service'
[2021-04-07 07:22:27Z INFO ConfigurationStore] ServiceConfigFilePath: /Users/sunmingyang/Documents/test/deployDemo/prod/actions-runner/.service
[2021-04-07 07:22:27Z INFO CommandSettings] Flag 'help': 'False'
[2021-04-07 07:22:27Z INFO CommandSettings] Flag 'version': 'False'
[2021-04-07 07:22:27Z INFO CommandSettings] Flag 'commit': 'False'
[2021-04-07 07:22:27Z INFO CommandSettings] Flag 'check': 'False'
[2021-04-07 07:22:27Z INFO CommandSettings] Command 'configure': 'False'
[2021-04-07 07:22:27Z INFO CommandSettings] Command 'remove': 'False'
[2021-04-07 07:22:27Z INFO CommandSettings] Command 'warmup': 'False'
[2021-04-07 07:22:27Z INFO ConfigurationManager] LoadSettings
[2021-04-07 07:22:27Z INFO ConfigurationStore] IsConfigured()
[2021-04-07 07:22:27Z INFO ConfigurationStore] IsConfigured: True
[2021-04-07 07:22:27Z INFO ConfigurationManager] Is configured: True
[2021-04-07 07:22:27Z INFO ConfigurationStore] Read setting file: 295 chars
[2021-04-07 07:22:27Z INFO ConfigurationManager] Settings Loaded
[2021-04-07 07:22:27Z INFO ConfigurationStore] IsServiceConfigured()
[2021-04-07 07:22:27Z INFO ConfigurationStore] IsServiceConfigured: False
[2021-04-07 07:22:27Z INFO CommandSettings] Command 'run': 'True'
[2021-04-07 07:22:27Z INFO ConfigurationStore] IsConfigured()
[2021-04-07 07:22:27Z INFO ConfigurationStore] IsConfigured: True
[2021-04-07 07:22:27Z INFO ConfigurationManager] Is configured: True
[2021-04-07 07:22:27Z INFO Runner] Could not parse the argument value '' for StartupType. Defaulting to Manual
[2021-04-07 07:22:27Z INFO Runner] Set runner startup type - Manual
[2021-04-07 07:22:27Z INFO CommandSettings] Flag 'once': 'False'
[2021-04-07 07:22:27Z INFO Runner] RunAsync
[2021-04-07 07:22:27Z INFO ConfigurationManager] LoadSettings
[2021-04-07 07:22:27Z INFO ConfigurationStore] IsConfigured()
[2021-04-07 07:22:27Z INFO ConfigurationStore] IsConfigured: True
[2021-04-07 07:22:27Z INFO ConfigurationManager] Is configured: True
[2021-04-07 07:22:27Z INFO ConfigurationManager] Settings Loaded
[2021-04-07 07:22:27Z INFO MessageListener] {
  "AgentId": 2,
  "AgentName": "MacBook-Pro",
  "PoolId": 1,
  "PoolName": "Default",
  "ServerUrl": "https://pipelines.actions.githubusercontent.com/L17mpQ2DV2SSkOYzfyhFBBfYZoLdZlgaHEozvSinR7YrFpRnra",
  "GitHubUrl": "https://github.com/raynasun0109/production",
  "WorkFolder": "react-app"
}
[2021-04-07 07:22:27Z INFO MessageListener] Loading Credentials
[2021-04-07 07:22:27Z INFO ConfigurationStore] HasCredentials()
[2021-04-07 07:22:27Z INFO ConfigurationStore] stored True
[2021-04-07 07:22:27Z INFO CredentialManager] GetCredentialProvider
[2021-04-07 07:22:27Z INFO CredentialManager] Creating type OAuth
[2021-04-07 07:22:27Z INFO CredentialManager] Creating credential type: OAuth
[2021-04-07 07:22:27Z INFO HostContext] Well known directory 'Bin': '/Users/sunmingyang/Documents/test/deployDemo/prod/actions-runner/bin'
[2021-04-07 07:22:27Z INFO HostContext] Well known directory 'Root': '/Users/sunmingyang/Documents/test/deployDemo/prod/actions-runner'
[2021-04-07 07:22:27Z INFO HostContext] Well known config file 'RSACredentials': '/Users/sunmingyang/Documents/test/deployDemo/prod/actions-runner/.credentials_rsaparams'
[2021-04-07 07:22:27Z INFO RSAFileKeyManager] Loading RSA key parameters from file /Users/sunmingyang/Documents/test/deployDemo/prod/actions-runner/.credentials_rsaparams
[2021-04-07 07:22:27Z INFO MessageListener] Attempt to create session.
[2021-04-07 07:22:27Z INFO MessageListener] Connecting to the Runner Server...
[2021-04-07 07:22:27Z INFO RunnerServer] Establish connection with 100 seconds timeout.
[2021-04-07 07:22:27Z INFO GitHubActionsService] Starting operation Location.GetConnectionData
[2021-04-07 07:22:27Z INFO RunnerServer] Establish connection with 60 seconds timeout.
[2021-04-07 07:22:27Z INFO GitHubActionsService] Starting operation Location.GetConnectionData
[2021-04-07 07:22:27Z INFO RunnerServer] Establish connection with 60 seconds timeout.
[2021-04-07 07:22:27Z INFO GitHubActionsService] Starting operation Location.GetConnectionData
[2021-04-07 07:22:28Z INFO GitHubActionsService] Finished operation Location.GetConnectionData
[2021-04-07 07:22:28Z INFO GitHubActionsService] Finished operation Location.GetConnectionData
[2021-04-07 07:22:28Z INFO GitHubActionsService] Finished operation Location.GetConnectionData
[2021-04-07 07:22:28Z INFO MessageListener] VssConnection created
[2021-04-07 07:22:28Z INFO Terminal] WRITE LINE: 
[2021-04-07 07:22:28Z INFO Terminal] WRITE LINE: 
[2021-04-07 07:22:28Z WARN GitHubActionsService] Authentication failed with status code 401.
Transfer-Encoding: chunked
WWW-Authenticate: Bearer
Strict-Transport-Security: max-age=2592000
X-TFS-ProcessId: 052cfc74-9555-43fd-a39e-134ecab190bd
ActivityId: 7583700d-f846-4dbc-b2ec-6d944f6fd467
X-TFS-Session: ae71a1b7-97fe-4f6e-b52e-3046e9ace1d4
X-VSS-E2EID: cbb59686-14dd-4f46-b725-a2871c26096d
X-VSS-SenderDeploymentId: ac98198d-4d34-0364-420d-bafa6e51dce2
X-TFS-ServiceError: The+user+%27System%3aPublicAccess%3baaaaaaaa-aaaa-aaaa-aaaa-aaaaaaaaaaaa%27+is+not+authorized+to+access+this+resource.
X-VSS-S2STargetService: 0000005A-0000-8888-8000-000000000000/visualstudio.com
X-MSEdge-Ref: Ref A: F1BA3F3E42D241A69DD8EF4E8FAFC468 Ref B: HKG30EDGE0315 Ref C: 2021-04-07T07:22:28Z
Date: Wed, 07 Apr 2021 07:22:28 GMT

[2021-04-07 07:22:28Z INFO RSAFileKeyManager] Loading RSA key parameters from file /Users/sunmingyang/Documents/test/deployDemo/prod/actions-runner/.credentials_rsaparams
[2021-04-07 07:22:28Z INFO RSAFileKeyManager] Loading RSA key parameters from file /Users/sunmingyang/Documents/test/deployDemo/prod/actions-runner/.credentials_rsaparams
[2021-04-07 07:22:29Z INFO GitHubActionsService] AAD Correlation ID for this token request: Unknown
[2021-04-07 07:22:30Z INFO MessageListener] Session created.
[2021-04-07 07:22:30Z INFO Terminal] WRITE LINE: 2021-04-07 07:22:30Z: Listening for Jobs
[2021-04-07 07:22:30Z INFO JobDispatcher] Set runner/worker IPC timeout to 30 seconds.
[2021-04-07 07:23:40Z INFO RSAFileKeyManager] Loading RSA key parameters from file /Users/sunmingyang/Documents/test/deployDemo/prod/actions-runner/.credentials_rsaparams
[2021-04-07 07:23:40Z INFO MessageListener] Message '1' received from session '7dd43db2-1f94-4574-bb2b-696fb5ad9480'.
[2021-04-07 07:23:40Z INFO JobDispatcher] Job request 1 for plan 85fa7e6a-9133-4b5f-b96c-bc216140004d job 006c7e6f-00a1-57ff-4d9c-5871960fc9e4 received.
[2021-04-07 07:23:40Z INFO JobDispatcher] Pull OrchestrationId 85fa7e6a-9133-4b5f-b96c-bc216140004d.build._14_x from JWT claims
[2021-04-07 07:23:40Z INFO Terminal] WRITE LINE: 2021-04-07 07:23:40Z: Running job: build (14.x)
[2021-04-07 07:23:40Z INFO JobDispatcher] Start renew job request 1 for job 006c7e6f-00a1-57ff-4d9c-5871960fc9e4.
[2021-04-07 07:23:41Z INFO JobDispatcher] Successfully renew job request 1, job is valid till 04/07/2021 07:33:41
[2021-04-07 07:23:41Z INFO HostContext] Well known directory 'Bin': '/Users/sunmingyang/Documents/test/deployDemo/prod/actions-runner/bin'
[2021-04-07 07:23:41Z INFO ProcessInvokerWrapper] Starting process:
[2021-04-07 07:23:41Z INFO ProcessInvokerWrapper]   File name: '/Users/sunmingyang/Documents/test/deployDemo/prod/actions-runner/bin/Runner.Worker'
[2021-04-07 07:23:41Z INFO ProcessInvokerWrapper]   Arguments: 'spawnclient 101 104'
[2021-04-07 07:23:41Z INFO ProcessInvokerWrapper]   Working directory: '/Users/sunmingyang/Documents/test/deployDemo/prod/actions-runner/bin'
[2021-04-07 07:23:41Z INFO ProcessInvokerWrapper]   Require exit code zero: 'False'
[2021-04-07 07:23:41Z INFO ProcessInvokerWrapper]   Encoding web name:  ; code page: ''
[2021-04-07 07:23:41Z INFO ProcessInvokerWrapper]   Force kill process on cancellation: 'True'
[2021-04-07 07:23:41Z INFO ProcessInvokerWrapper]   Redirected STDIN: 'False'
[2021-04-07 07:23:41Z INFO ProcessInvokerWrapper]   Persist current code page: 'False'
[2021-04-07 07:23:41Z INFO ProcessInvokerWrapper]   Keep redirected STDIN open: 'False'
[2021-04-07 07:23:41Z INFO ProcessInvokerWrapper]   High priority process: 'True'
[2021-04-07 07:23:41Z INFO ProcessInvokerWrapper] Process started with process id 32319, waiting for process exit.
[2021-04-07 07:23:41Z INFO JobDispatcher] Send job request message to worker for job 006c7e6f-00a1-57ff-4d9c-5871960fc9e4.
[2021-04-07 07:23:41Z INFO JobNotification] Entering JobStarted Notification
[2021-04-07 07:23:41Z INFO JobNotification] Entering StartMonitor
[2021-04-07 07:24:42Z INFO JobDispatcher] Successfully renew job request 1, job is valid till 04/07/2021 07:34:42
[2021-04-07 07:25:42Z INFO JobDispatcher] Successfully renew job request 1, job is valid till 04/07/2021 07:35:42
[2021-04-07 07:26:43Z INFO JobDispatcher] Successfully renew job request 1, job is valid till 04/07/2021 07:36:43
[2021-04-07 07:27:43Z INFO JobDispatcher] Successfully renew job request 1, job is valid till 04/07/2021 07:37:43
[2021-04-07 07:28:43Z INFO JobDispatcher] Successfully renew job request 1, job is valid till 04/07/2021 07:38:43
[2021-04-07 07:29:44Z INFO JobDispatcher] Successfully renew job request 1, job is valid till 04/07/2021 07:39:43
[2021-04-07 07:30:18Z INFO ProcessInvokerWrapper] STDOUT/STDERR stream read finished.
[2021-04-07 07:30:18Z INFO ProcessInvokerWrapper] STDOUT/STDERR stream read finished.
[2021-04-07 07:30:18Z INFO ProcessInvokerWrapper] Finished process 32319 with exit code 102, and elapsed time 00:06:37.0976010.
[2021-04-07 07:30:18Z INFO JobDispatcher] Worker finished for job 006c7e6f-00a1-57ff-4d9c-5871960fc9e4. Code: 102
[2021-04-07 07:30:18Z INFO JobDispatcher] finish job request for job 006c7e6f-00a1-57ff-4d9c-5871960fc9e4 with result: Failed
[2021-04-07 07:30:18Z INFO Terminal] WRITE LINE: 2021-04-07 07:30:18Z: Job build (14.x) completed with result: Failed
[2021-04-07 07:30:18Z INFO JobDispatcher] Stop renew job request for job 006c7e6f-00a1-57ff-4d9c-5871960fc9e4.
[2021-04-07 07:30:18Z INFO JobDispatcher] job renew has been canceled, stop renew job request 1.
[2021-04-07 07:30:18Z INFO JobNotification] Entering JobCompleted Notification
[2021-04-07 07:30:18Z INFO JobNotification] Entering EndMonitor
[2021-04-07 07:30:21Z INFO RSAFileKeyManager] Loading RSA key parameters from file /Users/sunmingyang/Documents/test/deployDemo/prod/actions-runner/.credentials_rsaparams
[2021-04-07 07:30:21Z INFO MessageListener] Message '2' received from session '7dd43db2-1f94-4574-bb2b-696fb5ad9480'.
[2021-04-07 07:30:21Z INFO JobDispatcher] Job request 2 for plan 85fa7e6a-9133-4b5f-b96c-bc216140004d job a9a345e6-1106-5aaa-6fe5-f842db892828 received.
[2021-04-07 07:30:21Z INFO JobDispatcher] Pull OrchestrationId 85fa7e6a-9133-4b5f-b96c-bc216140004d.build._12_x from JWT claims
[2021-04-07 07:30:21Z INFO JobDispatcher] Job request 006c7e6f-00a1-57ff-4d9c-5871960fc9e4 processed succeed.
[2021-04-07 07:30:21Z INFO Terminal] WRITE LINE: 2021-04-07 07:30:21Z: Running job: build (12.x)
[2021-04-07 07:30:21Z INFO JobDispatcher] Start renew job request 2 for job a9a345e6-1106-5aaa-6fe5-f842db892828.
[2021-04-07 07:30:22Z INFO JobDispatcher] Successfully renew job request 2, job is valid till 04/07/2021 07:40:22
[2021-04-07 07:30:22Z INFO HostContext] Well known directory 'Bin': '/Users/sunmingyang/Documents/test/deployDemo/prod/actions-runner/bin'
[2021-04-07 07:30:22Z INFO ProcessInvokerWrapper] Starting process:
[2021-04-07 07:30:22Z INFO ProcessInvokerWrapper]   File name: '/Users/sunmingyang/Documents/test/deployDemo/prod/actions-runner/bin/Runner.Worker'
[2021-04-07 07:30:22Z INFO ProcessInvokerWrapper]   Arguments: 'spawnclient 85 103'
[2021-04-07 07:30:22Z INFO ProcessInvokerWrapper]   Working directory: '/Users/sunmingyang/Documents/test/deployDemo/prod/actions-runner/bin'
[2021-04-07 07:30:22Z INFO ProcessInvokerWrapper]   Require exit code zero: 'False'
[2021-04-07 07:30:22Z INFO ProcessInvokerWrapper]   Encoding web name:  ; code page: ''
[2021-04-07 07:30:22Z INFO ProcessInvokerWrapper]   Force kill process on cancellation: 'True'
[2021-04-07 07:30:22Z INFO ProcessInvokerWrapper]   Redirected STDIN: 'False'
[2021-04-07 07:30:22Z INFO ProcessInvokerWrapper]   Persist current code page: 'False'
[2021-04-07 07:30:22Z INFO ProcessInvokerWrapper]   Keep redirected STDIN open: 'False'
[2021-04-07 07:30:22Z INFO ProcessInvokerWrapper]   High priority process: 'True'
[2021-04-07 07:30:22Z INFO ProcessInvokerWrapper] Process started with process id 48473, waiting for process exit.
[2021-04-07 07:30:22Z INFO JobDispatcher] Send job request message to worker for job a9a345e6-1106-5aaa-6fe5-f842db892828.
[2021-04-07 07:30:22Z INFO JobNotification] Entering JobStarted Notification
[2021-04-07 07:30:22Z INFO JobNotification] Entering StartMonitor
[2021-04-07 07:30:24Z INFO RSAFileKeyManager] Loading RSA key parameters from file /Users/sunmingyang/Documents/test/deployDemo/prod/actions-runner/.credentials_rsaparams
[2021-04-07 07:30:24Z INFO MessageListener] Message '3' received from session '7dd43db2-1f94-4574-bb2b-696fb5ad9480'.
[2021-04-07 07:30:24Z INFO JobDispatcher] Job cancellation request a9a345e6-1106-5aaa-6fe5-f842db892828 received, cancellation timeout 5 minutes.
[2021-04-07 07:30:24Z INFO JobDispatcher] Send job cancellation message to worker for job a9a345e6-1106-5aaa-6fe5-f842db892828.
[2021-04-07 07:30:27Z INFO ProcessInvokerWrapper] STDOUT/STDERR stream read finished.
[2021-04-07 07:30:27Z INFO ProcessInvokerWrapper] STDOUT/STDERR stream read finished.
[2021-04-07 07:30:27Z INFO ProcessInvokerWrapper] Finished process 48473 with exit code 103, and elapsed time 00:00:05.3877198.
[2021-04-07 07:30:27Z INFO JobDispatcher] finish job request for job a9a345e6-1106-5aaa-6fe5-f842db892828 with result: Canceled
[2021-04-07 07:30:27Z INFO Terminal] WRITE LINE: 2021-04-07 07:30:27Z: Job build (12.x) completed with result: Canceled
[2021-04-07 07:30:27Z INFO JobDispatcher] Stop renew job request for job a9a345e6-1106-5aaa-6fe5-f842db892828.
[2021-04-07 07:30:27Z INFO JobDispatcher] job renew has been canceled, stop renew job request 2.
[2021-04-07 07:30:27Z INFO JobNotification] Entering JobCompleted Notification
[2021-04-07 07:30:27Z INFO JobNotification] Entering EndMonitor
[2021-04-07 07:33:45Z INFO RSAFileKeyManager] Loading RSA key parameters from file /Users/sunmingyang/Documents/test/deployDemo/prod/actions-runner/.credentials_rsaparams
[2021-04-07 07:33:45Z INFO MessageListener] Message '4' received from session '7dd43db2-1f94-4574-bb2b-696fb5ad9480'.
[2021-04-07 07:33:45Z INFO JobDispatcher] Job request 5 for plan ffd1dfc3-4922-4e3d-af86-ae04131c2cec job 1688b4be-3760-56c4-0657-72178d884855 received.
[2021-04-07 07:33:45Z INFO JobDispatcher] Pull OrchestrationId ffd1dfc3-4922-4e3d-af86-ae04131c2cec.build._10_x from JWT claims
[2021-04-07 07:33:45Z INFO JobDispatcher] Job request a9a345e6-1106-5aaa-6fe5-f842db892828 processed succeed.
[2021-04-07 07:33:45Z INFO Terminal] WRITE LINE: 2021-04-07 07:33:45Z: Running job: build (10.x)
[2021-04-07 07:33:45Z INFO JobDispatcher] Start renew job request 5 for job 1688b4be-3760-56c4-0657-72178d884855.
[2021-04-07 07:33:46Z INFO JobDispatcher] Successfully renew job request 5, job is valid till 04/07/2021 07:43:46
[2021-04-07 07:33:46Z INFO HostContext] Well known directory 'Bin': '/Users/sunmingyang/Documents/test/deployDemo/prod/actions-runner/bin'
[2021-04-07 07:33:46Z INFO ProcessInvokerWrapper] Starting process:
[2021-04-07 07:33:46Z INFO ProcessInvokerWrapper]   File name: '/Users/sunmingyang/Documents/test/deployDemo/prod/actions-runner/bin/Runner.Worker'
[2021-04-07 07:33:46Z INFO ProcessInvokerWrapper]   Arguments: 'spawnclient 95 103'
[2021-04-07 07:33:46Z INFO ProcessInvokerWrapper]   Working directory: '/Users/sunmingyang/Documents/test/deployDemo/prod/actions-runner/bin'
[2021-04-07 07:33:46Z INFO ProcessInvokerWrapper]   Require exit code zero: 'False'
[2021-04-07 07:33:46Z INFO ProcessInvokerWrapper]   Encoding web name:  ; code page: ''
[2021-04-07 07:33:46Z INFO ProcessInvokerWrapper]   Force kill process on cancellation: 'True'
[2021-04-07 07:33:46Z INFO ProcessInvokerWrapper]   Redirected STDIN: 'False'
[2021-04-07 07:33:46Z INFO ProcessInvokerWrapper]   Persist current code page: 'False'
[2021-04-07 07:33:46Z INFO ProcessInvokerWrapper]   Keep redirected STDIN open: 'False'
[2021-04-07 07:33:46Z INFO ProcessInvokerWrapper]   High priority process: 'True'
[2021-04-07 07:33:46Z INFO ProcessInvokerWrapper] Process started with process id 56627, waiting for process exit.
[2021-04-07 07:33:46Z INFO JobDispatcher] Send job request message to worker for job 1688b4be-3760-56c4-0657-72178d884855.
[2021-04-07 07:33:46Z INFO JobNotification] Entering JobStarted Notification
[2021-04-07 07:33:46Z INFO JobNotification] Entering StartMonitor
[2021-04-07 07:34:47Z INFO JobDispatcher] Successfully renew job request 5, job is valid till 04/07/2021 07:44:46
[2021-04-07 07:35:47Z INFO JobDispatcher] Successfully renew job request 5, job is valid till 04/07/2021 07:45:47
[2021-04-07 07:36:47Z INFO JobDispatcher] Successfully renew job request 5, job is valid till 04/07/2021 07:46:47
[2021-04-07 07:37:47Z INFO JobDispatcher] Successfully renew job request 5, job is valid till 04/07/2021 07:47:47
[2021-04-07 07:38:48Z INFO JobDispatcher] Successfully renew job request 5, job is valid till 04/07/2021 07:48:48
[2021-04-07 07:39:20Z INFO ProcessInvokerWrapper] STDOUT/STDERR stream read finished.
[2021-04-07 07:39:20Z INFO ProcessInvokerWrapper] STDOUT/STDERR stream read finished.
[2021-04-07 07:39:20Z INFO ProcessInvokerWrapper] Finished process 56627 with exit code 102, and elapsed time 00:05:34.2955681.
[2021-04-07 07:39:20Z INFO JobDispatcher] Worker finished for job 1688b4be-3760-56c4-0657-72178d884855. Code: 102
[2021-04-07 07:39:20Z INFO JobDispatcher] finish job request for job 1688b4be-3760-56c4-0657-72178d884855 with result: Failed
[2021-04-07 07:39:20Z INFO Terminal] WRITE LINE: 2021-04-07 07:39:20Z: Job build (10.x) completed with result: Failed
[2021-04-07 07:39:20Z INFO JobDispatcher] Stop renew job request for job 1688b4be-3760-56c4-0657-72178d884855.
[2021-04-07 07:39:20Z INFO JobDispatcher] job renew has been canceled, stop renew job request 5.
[2021-04-07 07:39:20Z INFO JobNotification] Entering JobCompleted Notification
[2021-04-07 07:39:20Z INFO JobNotification] Entering EndMonitor
[2021-04-07 07:39:23Z INFO RSAFileKeyManager] Loading RSA key parameters from file /Users/sunmingyang/Documents/test/deployDemo/prod/actions-runner/.credentials_rsaparams
[2021-04-07 07:39:24Z INFO MessageListener] Message '5' received from session '7dd43db2-1f94-4574-bb2b-696fb5ad9480'.
[2021-04-07 07:39:24Z INFO JobDispatcher] Job request 6 for plan ffd1dfc3-4922-4e3d-af86-ae04131c2cec job 006c7e6f-00a1-57ff-4d9c-5871960fc9e4 received.
[2021-04-07 07:39:24Z INFO JobDispatcher] Pull OrchestrationId ffd1dfc3-4922-4e3d-af86-ae04131c2cec.build._14_x from JWT claims
[2021-04-07 07:39:24Z INFO JobDispatcher] Job request 1688b4be-3760-56c4-0657-72178d884855 processed succeed.
[2021-04-07 07:39:24Z INFO Terminal] WRITE LINE: 2021-04-07 07:39:24Z: Running job: build (14.x)
[2021-04-07 07:39:24Z INFO JobDispatcher] Start renew job request 6 for job 006c7e6f-00a1-57ff-4d9c-5871960fc9e4.
[2021-04-07 07:39:24Z INFO JobDispatcher] Successfully renew job request 6, job is valid till 04/07/2021 07:49:24
[2021-04-07 07:39:24Z INFO HostContext] Well known directory 'Bin': '/Users/sunmingyang/Documents/test/deployDemo/prod/actions-runner/bin'
[2021-04-07 07:39:24Z INFO ProcessInvokerWrapper] Starting process:
[2021-04-07 07:39:24Z INFO ProcessInvokerWrapper]   File name: '/Users/sunmingyang/Documents/test/deployDemo/prod/actions-runner/bin/Runner.Worker'
[2021-04-07 07:39:24Z INFO ProcessInvokerWrapper]   Arguments: 'spawnclient 95 103'
[2021-04-07 07:39:24Z INFO ProcessInvokerWrapper]   Working directory: '/Users/sunmingyang/Documents/test/deployDemo/prod/actions-runner/bin'
[2021-04-07 07:39:24Z INFO ProcessInvokerWrapper]   Require exit code zero: 'False'
[2021-04-07 07:39:24Z INFO ProcessInvokerWrapper]   Encoding web name:  ; code page: ''
[2021-04-07 07:39:24Z INFO ProcessInvokerWrapper]   Force kill process on cancellation: 'True'
[2021-04-07 07:39:24Z INFO ProcessInvokerWrapper]   Redirected STDIN: 'False'
[2021-04-07 07:39:24Z INFO ProcessInvokerWrapper]   Persist current code page: 'False'
[2021-04-07 07:39:24Z INFO ProcessInvokerWrapper]   Keep redirected STDIN open: 'False'
[2021-04-07 07:39:24Z INFO ProcessInvokerWrapper]   High priority process: 'True'
[2021-04-07 07:39:24Z INFO ProcessInvokerWrapper] Process started with process id 70285, waiting for process exit.
[2021-04-07 07:39:24Z INFO JobDispatcher] Send job request message to worker for job 006c7e6f-00a1-57ff-4d9c-5871960fc9e4.
[2021-04-07 07:39:24Z INFO JobNotification] Entering JobStarted Notification
[2021-04-07 07:39:24Z INFO JobNotification] Entering StartMonitor
[2021-04-07 07:39:26Z INFO RSAFileKeyManager] Loading RSA key parameters from file /Users/sunmingyang/Documents/test/deployDemo/prod/actions-runner/.credentials_rsaparams
[2021-04-07 07:39:26Z INFO MessageListener] Message '6' received from session '7dd43db2-1f94-4574-bb2b-696fb5ad9480'.
[2021-04-07 07:39:26Z INFO JobDispatcher] Job cancellation request 006c7e6f-00a1-57ff-4d9c-5871960fc9e4 received, cancellation timeout 5 minutes.
[2021-04-07 07:39:26Z INFO JobDispatcher] Send job cancellation message to worker for job 006c7e6f-00a1-57ff-4d9c-5871960fc9e4.
[2021-04-07 07:39:30Z INFO ProcessInvokerWrapper] STDOUT/STDERR stream read finished.
[2021-04-07 07:39:30Z INFO ProcessInvokerWrapper] STDOUT/STDERR stream read finished.
[2021-04-07 07:39:30Z INFO ProcessInvokerWrapper] Finished process 70285 with exit code 103, and elapsed time 00:00:05.6465682.
[2021-04-07 07:39:30Z INFO JobDispatcher] finish job request for job 006c7e6f-00a1-57ff-4d9c-5871960fc9e4 with result: Canceled
[2021-04-07 07:39:30Z INFO Terminal] WRITE LINE: 2021-04-07 07:39:30Z: Job build (14.x) completed with result: Canceled
[2021-04-07 07:39:30Z INFO JobDispatcher] Stop renew job request for job 006c7e6f-00a1-57ff-4d9c-5871960fc9e4.
[2021-04-07 07:39:30Z INFO JobDispatcher] job renew has been canceled, stop renew job request 6.
[2021-04-07 07:39:30Z INFO JobNotification] Entering JobCompleted Notification
[2021-04-07 07:39:30Z INFO JobNotification] Entering EndMonitor
[2021-04-07 07:44:28Z INFO RSAFileKeyManager] Loading RSA key parameters from file /Users/sunmingyang/Documents/test/deployDemo/prod/actions-runner/.credentials_rsaparams
[2021-04-07 07:44:28Z INFO MessageListener] Message '7' received from session '7dd43db2-1f94-4574-bb2b-696fb5ad9480'.
[2021-04-07 07:44:28Z INFO JobDispatcher] Job request 9 for plan 79099b45-00bd-4b0b-ac2f-428b36eb1fd0 job 006c7e6f-00a1-57ff-4d9c-5871960fc9e4 received.
[2021-04-07 07:44:28Z INFO JobDispatcher] Pull OrchestrationId 79099b45-00bd-4b0b-ac2f-428b36eb1fd0.build._14_x from JWT claims
[2021-04-07 07:44:28Z INFO JobDispatcher] Job request 006c7e6f-00a1-57ff-4d9c-5871960fc9e4 processed succeed.
[2021-04-07 07:44:28Z INFO Terminal] WRITE LINE: 2021-04-07 07:44:28Z: Running job: build (14.x)
[2021-04-07 07:44:28Z INFO JobDispatcher] Start renew job request 9 for job 006c7e6f-00a1-57ff-4d9c-5871960fc9e4.
[2021-04-07 07:44:29Z INFO JobDispatcher] Successfully renew job request 9, job is valid till 04/07/2021 07:54:28
[2021-04-07 07:44:29Z INFO HostContext] Well known directory 'Bin': '/Users/sunmingyang/Documents/test/deployDemo/prod/actions-runner/bin'
[2021-04-07 07:44:29Z INFO ProcessInvokerWrapper] Starting process:
[2021-04-07 07:44:29Z INFO ProcessInvokerWrapper]   File name: '/Users/sunmingyang/Documents/test/deployDemo/prod/actions-runner/bin/Runner.Worker'
[2021-04-07 07:44:29Z INFO ProcessInvokerWrapper]   Arguments: 'spawnclient 95 104'
[2021-04-07 07:44:29Z INFO ProcessInvokerWrapper]   Working directory: '/Users/sunmingyang/Documents/test/deployDemo/prod/actions-runner/bin'
[2021-04-07 07:44:29Z INFO ProcessInvokerWrapper]   Require exit code zero: 'False'
[2021-04-07 07:44:29Z INFO ProcessInvokerWrapper]   Encoding web name:  ; code page: ''
[2021-04-07 07:44:29Z INFO ProcessInvokerWrapper]   Force kill process on cancellation: 'True'
[2021-04-07 07:44:29Z INFO ProcessInvokerWrapper]   Redirected STDIN: 'False'
[2021-04-07 07:44:29Z INFO ProcessInvokerWrapper]   Persist current code page: 'False'
[2021-04-07 07:44:29Z INFO ProcessInvokerWrapper]   Keep redirected STDIN open: 'False'
[2021-04-07 07:44:29Z INFO ProcessInvokerWrapper]   High priority process: 'True'
[2021-04-07 07:44:29Z INFO ProcessInvokerWrapper] Process started with process id 82375, waiting for process exit.
[2021-04-07 07:44:29Z INFO JobDispatcher] Send job request message to worker for job 006c7e6f-00a1-57ff-4d9c-5871960fc9e4.
[2021-04-07 07:44:29Z INFO JobNotification] Entering JobStarted Notification
[2021-04-07 07:44:29Z INFO JobNotification] Entering StartMonitor
[2021-04-07 07:45:29Z INFO JobDispatcher] Successfully renew job request 9, job is valid till 04/07/2021 07:55:29
[2021-04-07 07:45:35Z INFO ProcessInvokerWrapper] STDOUT/STDERR stream read finished.
[2021-04-07 07:45:35Z INFO ProcessInvokerWrapper] STDOUT/STDERR stream read finished.
[2021-04-07 07:45:35Z INFO ProcessInvokerWrapper] Finished process 82375 with exit code 102, and elapsed time 00:01:06.6310156.
[2021-04-07 07:45:35Z INFO JobDispatcher] Worker finished for job 006c7e6f-00a1-57ff-4d9c-5871960fc9e4. Code: 102
[2021-04-07 07:45:35Z INFO JobDispatcher] finish job request for job 006c7e6f-00a1-57ff-4d9c-5871960fc9e4 with result: Failed
[2021-04-07 07:45:35Z INFO Terminal] WRITE LINE: 2021-04-07 07:45:35Z: Job build (14.x) completed with result: Failed
[2021-04-07 07:45:35Z INFO JobDispatcher] Stop renew job request for job 006c7e6f-00a1-57ff-4d9c-5871960fc9e4.
[2021-04-07 07:45:35Z INFO JobDispatcher] job renew has been canceled, stop renew job request 9.
[2021-04-07 07:45:35Z INFO JobNotification] Entering JobCompleted Notification
[2021-04-07 07:45:35Z INFO JobNotification] Entering EndMonitor
[2021-04-07 07:59:31Z INFO RSAFileKeyManager] Loading RSA key parameters from file /Users/sunmingyang/Documents/test/deployDemo/prod/actions-runner/.credentials_rsaparams
[2021-04-07 07:59:31Z INFO MessageListener] Message '8' received from session '7dd43db2-1f94-4574-bb2b-696fb5ad9480'.
[2021-04-07 07:59:31Z INFO JobDispatcher] Job request 10 for plan 509a93ee-6b66-4c1b-b213-f81499cae3ff job 006c7e6f-00a1-57ff-4d9c-5871960fc9e4 received.
[2021-04-07 07:59:31Z INFO JobDispatcher] Pull OrchestrationId 509a93ee-6b66-4c1b-b213-f81499cae3ff.build._14_x from JWT claims
[2021-04-07 07:59:31Z INFO JobDispatcher] Job request 006c7e6f-00a1-57ff-4d9c-5871960fc9e4 processed succeed.
[2021-04-07 07:59:31Z INFO Terminal] WRITE LINE: 2021-04-07 07:59:31Z: Running job: build (14.x)
[2021-04-07 07:59:31Z INFO JobDispatcher] Start renew job request 10 for job 006c7e6f-00a1-57ff-4d9c-5871960fc9e4.
[2021-04-07 07:59:32Z INFO JobDispatcher] Successfully renew job request 10, job is valid till 04/07/2021 08:09:32
[2021-04-07 07:59:32Z INFO HostContext] Well known directory 'Bin': '/Users/sunmingyang/Documents/test/deployDemo/prod/actions-runner/bin'
[2021-04-07 07:59:32Z INFO ProcessInvokerWrapper] Starting process:
[2021-04-07 07:59:32Z INFO ProcessInvokerWrapper]   File name: '/Users/sunmingyang/Documents/test/deployDemo/prod/actions-runner/bin/Runner.Worker'
[2021-04-07 07:59:32Z INFO ProcessInvokerWrapper]   Arguments: 'spawnclient 95 104'
[2021-04-07 07:59:32Z INFO ProcessInvokerWrapper]   Working directory: '/Users/sunmingyang/Documents/test/deployDemo/prod/actions-runner/bin'
[2021-04-07 07:59:32Z INFO ProcessInvokerWrapper]   Require exit code zero: 'False'
[2021-04-07 07:59:32Z INFO ProcessInvokerWrapper]   Encoding web name:  ; code page: ''
[2021-04-07 07:59:32Z INFO ProcessInvokerWrapper]   Force kill process on cancellation: 'True'
[2021-04-07 07:59:32Z INFO ProcessInvokerWrapper]   Redirected STDIN: 'False'
[2021-04-07 07:59:32Z INFO ProcessInvokerWrapper]   Persist current code page: 'False'
[2021-04-07 07:59:32Z INFO ProcessInvokerWrapper]   Keep redirected STDIN open: 'False'
[2021-04-07 07:59:32Z INFO ProcessInvokerWrapper]   High priority process: 'True'
[2021-04-07 07:59:32Z INFO ProcessInvokerWrapper] Process started with process id 18955, waiting for process exit.
[2021-04-07 07:59:32Z INFO JobDispatcher] Send job request message to worker for job 006c7e6f-00a1-57ff-4d9c-5871960fc9e4.
[2021-04-07 07:59:32Z INFO JobNotification] Entering JobStarted Notification
[2021-04-07 07:59:32Z INFO JobNotification] Entering StartMonitor
[2021-04-07 08:00:32Z INFO JobDispatcher] Successfully renew job request 10, job is valid till 04/07/2021 08:10:32
[2021-04-07 08:00:41Z INFO ProcessInvokerWrapper] STDOUT/STDERR stream read finished.
[2021-04-07 08:00:41Z INFO ProcessInvokerWrapper] STDOUT/STDERR stream read finished.
[2021-04-07 08:00:41Z INFO ProcessInvokerWrapper] Finished process 18955 with exit code 102, and elapsed time 00:01:09.4766818.
[2021-04-07 08:00:41Z INFO JobDispatcher] Worker finished for job 006c7e6f-00a1-57ff-4d9c-5871960fc9e4. Code: 102
[2021-04-07 08:00:41Z INFO JobDispatcher] finish job request for job 006c7e6f-00a1-57ff-4d9c-5871960fc9e4 with result: Failed
[2021-04-07 08:00:41Z INFO Terminal] WRITE LINE: 2021-04-07 08:00:41Z: Job build (14.x) completed with result: Failed
[2021-04-07 08:00:41Z INFO JobDispatcher] Stop renew job request for job 006c7e6f-00a1-57ff-4d9c-5871960fc9e4.
[2021-04-07 08:00:41Z INFO JobDispatcher] job renew has been canceled, stop renew job request 10.
[2021-04-07 08:00:41Z INFO JobNotification] Entering JobCompleted Notification
[2021-04-07 08:00:41Z INFO JobNotification] Entering EndMonitor
[2021-04-07 08:10:26Z INFO RSAFileKeyManager] Loading RSA key parameters from file /Users/sunmingyang/Documents/test/deployDemo/prod/actions-runner/.credentials_rsaparams
[2021-04-07 08:10:26Z INFO MessageListener] Message '9' received from session '7dd43db2-1f94-4574-bb2b-696fb5ad9480'.
[2021-04-07 08:10:26Z INFO JobDispatcher] Job request 11 for plan b37ae6dc-e415-40c5-b4a8-c92fcb387a72 job 006c7e6f-00a1-57ff-4d9c-5871960fc9e4 received.
[2021-04-07 08:10:26Z INFO JobDispatcher] Pull OrchestrationId b37ae6dc-e415-40c5-b4a8-c92fcb387a72.build._14_x from JWT claims
[2021-04-07 08:10:26Z INFO JobDispatcher] Job request 006c7e6f-00a1-57ff-4d9c-5871960fc9e4 processed succeed.
[2021-04-07 08:10:26Z INFO Terminal] WRITE LINE: 2021-04-07 08:10:26Z: Running job: build (14.x)
[2021-04-07 08:10:26Z INFO JobDispatcher] Start renew job request 11 for job 006c7e6f-00a1-57ff-4d9c-5871960fc9e4.
[2021-04-07 08:10:27Z INFO JobDispatcher] Successfully renew job request 11, job is valid till 04/07/2021 08:20:27
[2021-04-07 08:10:27Z INFO HostContext] Well known directory 'Bin': '/Users/sunmingyang/Documents/test/deployDemo/prod/actions-runner/bin'
[2021-04-07 08:10:27Z INFO ProcessInvokerWrapper] Starting process:
[2021-04-07 08:10:27Z INFO ProcessInvokerWrapper]   File name: '/Users/sunmingyang/Documents/test/deployDemo/prod/actions-runner/bin/Runner.Worker'
[2021-04-07 08:10:27Z INFO ProcessInvokerWrapper]   Arguments: 'spawnclient 95 104'
[2021-04-07 08:10:27Z INFO ProcessInvokerWrapper]   Working directory: '/Users/sunmingyang/Documents/test/deployDemo/prod/actions-runner/bin'
[2021-04-07 08:10:27Z INFO ProcessInvokerWrapper]   Require exit code zero: 'False'
[2021-04-07 08:10:27Z INFO ProcessInvokerWrapper]   Encoding web name:  ; code page: ''
[2021-04-07 08:10:27Z INFO ProcessInvokerWrapper]   Force kill process on cancellation: 'True'
[2021-04-07 08:10:27Z INFO ProcessInvokerWrapper]   Redirected STDIN: 'False'
[2021-04-07 08:10:27Z INFO ProcessInvokerWrapper]   Persist current code page: 'False'
[2021-04-07 08:10:27Z INFO ProcessInvokerWrapper]   Keep redirected STDIN open: 'False'
[2021-04-07 08:10:27Z INFO ProcessInvokerWrapper]   High priority process: 'True'
[2021-04-07 08:10:27Z INFO ProcessInvokerWrapper] Process started with process id 44874, waiting for process exit.
[2021-04-07 08:10:27Z INFO JobDispatcher] Send job request message to worker for job 006c7e6f-00a1-57ff-4d9c-5871960fc9e4.
[2021-04-07 08:10:27Z INFO JobNotification] Entering JobStarted Notification
[2021-04-07 08:10:27Z INFO JobNotification] Entering StartMonitor
[2021-04-07 08:11:28Z INFO JobDispatcher] Successfully renew job request 11, job is valid till 04/07/2021 08:21:27
[2021-04-07 08:11:37Z INFO ProcessInvokerWrapper] STDOUT/STDERR stream read finished.
[2021-04-07 08:11:37Z INFO ProcessInvokerWrapper] STDOUT/STDERR stream read finished.
[2021-04-07 08:11:37Z INFO ProcessInvokerWrapper] Finished process 44874 with exit code 102, and elapsed time 00:01:09.3786083.
[2021-04-07 08:11:37Z INFO JobDispatcher] Worker finished for job 006c7e6f-00a1-57ff-4d9c-5871960fc9e4. Code: 102
[2021-04-07 08:11:37Z INFO JobDispatcher] finish job request for job 006c7e6f-00a1-57ff-4d9c-5871960fc9e4 with result: Failed
[2021-04-07 08:11:37Z INFO Terminal] WRITE LINE: 2021-04-07 08:11:37Z: Job build (14.x) completed with result: Failed
[2021-04-07 08:11:37Z INFO JobDispatcher] Stop renew job request for job 006c7e6f-00a1-57ff-4d9c-5871960fc9e4.
[2021-04-07 08:11:37Z INFO JobDispatcher] job renew has been canceled, stop renew job request 11.
[2021-04-07 08:11:37Z INFO JobNotification] Entering JobCompleted Notification
[2021-04-07 08:11:37Z INFO JobNotification] Entering EndMonitor
