[2021-04-07 07:19:55Z INFO HostContext] No proxy settings were found based on environmental variables (http_proxy/https_proxy/HTTP_PROXY/HTTPS_PROXY)
[2021-04-07 07:19:55Z INFO HostContext] Well known directory 'Bin': '/Users/sunmingyang/Documents/test/deployDemo/prod/actions-runner/bin'
[2021-04-07 07:19:55Z INFO HostContext] Well known directory 'Root': '/Users/sunmingyang/Documents/test/deployDemo/prod/actions-runner'
[2021-04-07 07:19:55Z INFO HostContext] Well known config file 'Credentials': '/Users/sunmingyang/Documents/test/deployDemo/prod/actions-runner/.credentials'
[2021-04-07 07:19:55Z INFO Listener] Runner is built for OSX (X64) - osx-x64.
[2021-04-07 07:19:55Z INFO Listener] RuntimeInformation: Darwin 18.7.0 Darwin Kernel Version 18.7.0: Mon Aug 31 20:53:32 PDT 2020; root:xnu-4903.278.44~1/RELEASE_X86_64.
[2021-04-07 07:19:55Z INFO Listener] Version: 2.277.1
[2021-04-07 07:19:55Z INFO Listener] Commit: 183a3dd9a0d4d51feddc5fe9fa6c3b5f8b08343d
[2021-04-07 07:19:55Z INFO Listener] Culture: 
[2021-04-07 07:19:55Z INFO Listener] UI Culture: 
[2021-04-07 07:19:55Z INFO HostContext] Well known directory 'Bin': '/Users/sunmingyang/Documents/test/deployDemo/prod/actions-runner/bin'
[2021-04-07 07:19:55Z INFO HostContext] Well known directory 'Root': '/Users/sunmingyang/Documents/test/deployDemo/prod/actions-runner'
[2021-04-07 07:19:55Z INFO Listener] Validating directory permissions for: '/Users/sunmingyang/Documents/test/deployDemo/prod/actions-runner'
[2021-04-07 07:19:55Z INFO CommandLineParser] Parse
[2021-04-07 07:19:55Z INFO CommandLineParser] Parsing 5 args
[2021-04-07 07:19:55Z INFO CommandLineParser] parsing argument
[2021-04-07 07:19:55Z INFO CommandLineParser] HasArgs: False
[2021-04-07 07:19:55Z INFO CommandLineParser] Adding Command: configure
[2021-04-07 07:19:55Z INFO CommandLineParser] parsing argument
[2021-04-07 07:19:55Z INFO CommandLineParser] HasArgs: True
[2021-04-07 07:19:55Z INFO CommandLineParser] arg: url
[2021-04-07 07:19:55Z INFO CommandLineParser] parsing argument
[2021-04-07 07:19:55Z INFO CommandLineParser] HasArgs: True
[2021-04-07 07:19:55Z INFO CommandLineParser] Adding option 'url': 'https://github.com/raynasun0109/production'
[2021-04-07 07:19:55Z INFO CommandLineParser] parsing argument
[2021-04-07 07:19:55Z INFO CommandLineParser] HasArgs: True
[2021-04-07 07:19:55Z INFO CommandLineParser] arg: token
[2021-04-07 07:19:55Z INFO CommandLineParser] parsing argument
[2021-04-07 07:19:55Z INFO CommandLineParser] HasArgs: True
[2021-04-07 07:19:56Z INFO CommandLineParser] Adding option 'token': '***'
[2021-04-07 07:19:56Z INFO Listener] Arguments parsed
[2021-04-07 07:19:56Z INFO Runner] ExecuteCommand
[2021-04-07 07:19:56Z INFO ConfigurationStore] currentAssemblyLocation: /Users/sunmingyang/Documents/test/deployDemo/prod/actions-runner/bin/Runner.Listener.dll
[2021-04-07 07:19:56Z INFO HostContext] Well known directory 'Bin': '/Users/sunmingyang/Documents/test/deployDemo/prod/actions-runner/bin'
[2021-04-07 07:19:56Z INFO ConfigurationStore] binPath: /Users/sunmingyang/Documents/test/deployDemo/prod/actions-runner/bin
[2021-04-07 07:19:56Z INFO HostContext] Well known directory 'Bin': '/Users/sunmingyang/Documents/test/deployDemo/prod/actions-runner/bin'
[2021-04-07 07:19:56Z INFO HostContext] Well known directory 'Root': '/Users/sunmingyang/Documents/test/deployDemo/prod/actions-runner'
[2021-04-07 07:19:56Z INFO ConfigurationStore] RootFolder: /Users/sunmingyang/Documents/test/deployDemo/prod/actions-runner
[2021-04-07 07:19:56Z INFO HostContext] Well known directory 'Bin': '/Users/sunmingyang/Documents/test/deployDemo/prod/actions-runner/bin'
[2021-04-07 07:19:56Z INFO HostContext] Well known directory 'Root': '/Users/sunmingyang/Documents/test/deployDemo/prod/actions-runner'
[2021-04-07 07:19:56Z INFO HostContext] Well known config file 'Runner': '/Users/sunmingyang/Documents/test/deployDemo/prod/actions-runner/.runner'
[2021-04-07 07:19:56Z INFO ConfigurationStore] ConfigFilePath: /Users/sunmingyang/Documents/test/deployDemo/prod/actions-runner/.runner
[2021-04-07 07:19:56Z INFO HostContext] Well known directory 'Bin': '/Users/sunmingyang/Documents/test/deployDemo/prod/actions-runner/bin'
[2021-04-07 07:19:56Z INFO HostContext] Well known directory 'Root': '/Users/sunmingyang/Documents/test/deployDemo/prod/actions-runner'
[2021-04-07 07:19:56Z INFO HostContext] Well known config file 'Credentials': '/Users/sunmingyang/Documents/test/deployDemo/prod/actions-runner/.credentials'
[2021-04-07 07:19:56Z INFO ConfigurationStore] CredFilePath: /Users/sunmingyang/Documents/test/deployDemo/prod/actions-runner/.credentials
[2021-04-07 07:19:56Z INFO HostContext] Well known directory 'Bin': '/Users/sunmingyang/Documents/test/deployDemo/prod/actions-runner/bin'
[2021-04-07 07:19:56Z INFO HostContext] Well known directory 'Root': '/Users/sunmingyang/Documents/test/deployDemo/prod/actions-runner'
[2021-04-07 07:19:56Z INFO HostContext] Well known config file 'MigratedCredentials': '/Users/sunmingyang/Documents/test/deployDemo/prod/actions-runner/.credentials_migrated'
[2021-04-07 07:19:56Z INFO ConfigurationStore] MigratedCredFilePath: /Users/sunmingyang/Documents/test/deployDemo/prod/actions-runner/.credentials_migrated
[2021-04-07 07:19:56Z INFO HostContext] Well known directory 'Bin': '/Users/sunmingyang/Documents/test/deployDemo/prod/actions-runner/bin'
[2021-04-07 07:19:56Z INFO HostContext] Well known directory 'Root': '/Users/sunmingyang/Documents/test/deployDemo/prod/actions-runner'
[2021-04-07 07:19:56Z INFO HostContext] Well known config file 'Service': '/Users/sunmingyang/Documents/test/deployDemo/prod/actions-runner/.service'
[2021-04-07 07:19:56Z INFO ConfigurationStore] ServiceConfigFilePath: /Users/sunmingyang/Documents/test/deployDemo/prod/actions-runner/.service
[2021-04-07 07:19:56Z INFO CommandSettings] Flag 'help': 'False'
[2021-04-07 07:19:56Z INFO CommandSettings] Flag 'version': 'False'
[2021-04-07 07:19:56Z INFO CommandSettings] Flag 'commit': 'False'
[2021-04-07 07:19:56Z INFO CommandSettings] Flag 'check': 'False'
[2021-04-07 07:19:56Z INFO CommandSettings] Command 'configure': 'True'
[2021-04-07 07:19:56Z INFO Terminal] WRITE LINE: 
[2021-04-07 07:19:56Z INFO Terminal] WRITE LINE: --------------------------------------------------------------------------------
[2021-04-07 07:19:56Z INFO Terminal] WRITE LINE: |        ____ _ _   _   _       _          _        _   _                      |
[2021-04-07 07:19:56Z INFO Terminal] WRITE LINE: |       / ___(_) |_| | | |_   _| |__      / \   ___| |_(_) ___  _ __  ___      |
[2021-04-07 07:19:56Z INFO Terminal] WRITE LINE: |      | |  _| | __| |_| | | | | '_ \    / _ \ / __| __| |/ _ \| '_ \/ __|     |
[2021-04-07 07:19:56Z INFO Terminal] WRITE LINE: |      | |_| | | |_|  _  | |_| | |_) |  / ___ \ (__| |_| | (_) | | | \__ \     |
[2021-04-07 07:19:56Z INFO Terminal] WRITE LINE: |       \____|_|\__|_| |_|\__,_|_.__/  /_/   \_\___|\__|_|\___/|_| |_|___/     |
[2021-04-07 07:19:56Z INFO Terminal] WRITE LINE: |                                                                              |
[2021-04-07 07:19:56Z INFO Terminal] WRITE: |                       
[2021-04-07 07:19:56Z INFO Terminal] WRITE: Self-hosted runner registration
[2021-04-07 07:19:56Z INFO Terminal] WRITE LINE:                         |
[2021-04-07 07:19:56Z INFO Terminal] WRITE LINE: |                                                                              |
[2021-04-07 07:19:56Z INFO Terminal] WRITE LINE: --------------------------------------------------------------------------------
[2021-04-07 07:19:56Z INFO ConfigurationManager] ConfigureAsync
[2021-04-07 07:19:56Z INFO ConfigurationStore] IsConfigured()
[2021-04-07 07:19:56Z INFO ConfigurationStore] IsConfigured: False
[2021-04-07 07:19:56Z INFO ConfigurationManager] Is configured: False
[2021-04-07 07:19:56Z INFO CommandSettings] Arg 'url': 'https://github.com/raynasun0109/production'
[2021-04-07 07:19:56Z INFO CommandSettings] Remove url from Arg dictionary.
[2021-04-07 07:19:56Z INFO CommandSettings] Arg 'token': '***'
[2021-04-07 07:19:56Z INFO CommandSettings] Remove token from Arg dictionary.
[2021-04-07 07:19:57Z INFO ConfigurationManager] Http response code: OK from 'POST https://api.github.com/actions/runner-registration'
[2021-04-07 07:19:57Z INFO ConfigurationManager] cred retrieved via GitHub auth
[2021-04-07 07:19:57Z INFO RunnerServer] Establish connection with 100 seconds timeout.
[2021-04-07 07:19:57Z INFO GitHubActionsService] Starting operation Location.GetConnectionData
[2021-04-07 07:19:57Z INFO RunnerServer] Establish connection with 60 seconds timeout.
[2021-04-07 07:19:57Z INFO GitHubActionsService] Starting operation Location.GetConnectionData
[2021-04-07 07:19:57Z INFO RunnerServer] Establish connection with 60 seconds timeout.
[2021-04-07 07:19:57Z INFO GitHubActionsService] Starting operation Location.GetConnectionData
[2021-04-07 07:19:58Z INFO GitHubActionsService] Finished operation Location.GetConnectionData
[2021-04-07 07:19:59Z INFO GitHubActionsService] Finished operation Location.GetConnectionData
[2021-04-07 07:19:59Z INFO GitHubActionsService] Finished operation Location.GetConnectionData
[2021-04-07 07:19:59Z INFO Terminal] WRITE LINE: 
[2021-04-07 07:19:59Z INFO ConfigurationManager] Test Connection complete.
[2021-04-07 07:19:59Z INFO HostContext] Well known directory 'Bin': '/Users/sunmingyang/Documents/test/deployDemo/prod/actions-runner/bin'
[2021-04-07 07:19:59Z INFO HostContext] Well known directory 'Root': '/Users/sunmingyang/Documents/test/deployDemo/prod/actions-runner'
[2021-04-07 07:19:59Z INFO HostContext] Well known config file 'RSACredentials': '/Users/sunmingyang/Documents/test/deployDemo/prod/actions-runner/.credentials_rsaparams'
[2021-04-07 07:19:59Z INFO RSAFileKeyManager] Creating new RSA key using 2048-bit key length
[2021-04-07 07:20:00Z INFO RSAFileKeyManager] Successfully saved RSA key parameters to file /Users/sunmingyang/Documents/test/deployDemo/prod/actions-runner/.credentials_rsaparams
[2021-04-07 07:20:00Z INFO RSAFileKeyManager] Which: 'chmod'
[2021-04-07 07:20:00Z INFO RSAFileKeyManager] Location: '/bin/chmod'
[2021-04-07 07:20:00Z INFO HostContext] Well known directory 'Bin': '/Users/sunmingyang/Documents/test/deployDemo/prod/actions-runner/bin'
[2021-04-07 07:20:00Z INFO HostContext] Well known directory 'Root': '/Users/sunmingyang/Documents/test/deployDemo/prod/actions-runner'
[2021-04-07 07:20:00Z INFO ProcessInvokerWrapper] Starting process:
[2021-04-07 07:20:00Z INFO ProcessInvokerWrapper]   File name: '/bin/chmod'
[2021-04-07 07:20:00Z INFO ProcessInvokerWrapper]   Arguments: '600 /Users/sunmingyang/Documents/test/deployDemo/prod/actions-runner/.credentials_rsaparams'
[2021-04-07 07:20:00Z INFO ProcessInvokerWrapper]   Working directory: '/Users/sunmingyang/Documents/test/deployDemo/prod/actions-runner'
[2021-04-07 07:20:00Z INFO ProcessInvokerWrapper]   Require exit code zero: 'False'
[2021-04-07 07:20:00Z INFO ProcessInvokerWrapper]   Encoding web name:  ; code page: ''
[2021-04-07 07:20:00Z INFO ProcessInvokerWrapper]   Force kill process on cancellation: 'False'
[2021-04-07 07:20:00Z INFO ProcessInvokerWrapper]   Redirected STDIN: 'False'
[2021-04-07 07:20:00Z INFO ProcessInvokerWrapper]   Persist current code page: 'False'
[2021-04-07 07:20:00Z INFO ProcessInvokerWrapper]   Keep redirected STDIN open: 'False'
[2021-04-07 07:20:00Z INFO ProcessInvokerWrapper]   High priority process: 'False'
[2021-04-07 07:20:00Z INFO ProcessInvokerWrapper] Process started with process id 23592, waiting for process exit.
[2021-04-07 07:20:00Z INFO ProcessInvokerWrapper] STDOUT/STDERR stream read finished.
[2021-04-07 07:20:00Z INFO ProcessInvokerWrapper] STDOUT/STDERR stream read finished.
[2021-04-07 07:20:00Z INFO ProcessInvokerWrapper] Finished process 23592 with exit code 0, and elapsed time 00:00:00.0302460.
[2021-04-07 07:20:00Z INFO RSAFileKeyManager] Successfully set permissions for RSA key parameters file /Users/sunmingyang/Documents/test/deployDemo/prod/actions-runner/.credentials_rsaparams
[2021-04-07 07:20:00Z INFO ConfigurationManager] Found a self-hosted runner group with id {1} and name {2} 1, Default
[2021-04-07 07:20:00Z INFO CommandSettings] Arg 'name': ''
[2021-04-07 07:20:00Z INFO CommandSettings] Flag 'unattended': 'False'
[2021-04-07 07:20:00Z INFO PromptManager] ReadValue
[2021-04-07 07:20:00Z INFO Terminal] WRITE: Enter the name of runner: 
[2021-04-07 07:20:00Z INFO Terminal] WRITE: [press Enter for MacBook-Pro] 
[2021-04-07 07:20:00Z INFO Terminal] READ LINE
[2021-04-07 07:20:04Z INFO Terminal] Read value: ''
[2021-04-07 07:20:04Z INFO PromptManager] Falling back to the default: 'MacBook-Pro'
[2021-04-07 07:20:04Z INFO Terminal] WRITE LINE: 
[2021-04-07 07:20:04Z INFO CommandSettings] Arg 'labels': ''
[2021-04-07 07:20:04Z INFO CommandSettings] Flag 'unattended': 'False'
[2021-04-07 07:20:04Z INFO PromptManager] ReadValue
[2021-04-07 07:20:04Z INFO Terminal] WRITE: This runner will have the following labels: 'self-hosted', 'macOS', 'X64' 
Enter any additional labels (ex. label-1,label-2): 
[2021-04-07 07:20:04Z INFO Terminal] WRITE: [press Enter to skip] 
[2021-04-07 07:20:04Z INFO Terminal] READ LINE
[2021-04-07 07:21:15Z INFO Terminal] Read value: ''
[2021-04-07 07:21:15Z INFO Terminal] WRITE LINE: 
[2021-04-07 07:21:16Z INFO ConfigurationStore] Saving OAuth credential @ /Users/sunmingyang/Documents/test/deployDemo/prod/actions-runner/.credentials
[2021-04-07 07:21:16Z INFO ConfigurationStore] Credentials Saved.
[2021-04-07 07:21:16Z INFO ConfigurationStore] HasCredentials()
[2021-04-07 07:21:16Z INFO ConfigurationStore] stored True
[2021-04-07 07:21:16Z INFO CredentialManager] GetCredentialProvider
[2021-04-07 07:21:16Z INFO CredentialManager] Creating type OAuth
[2021-04-07 07:21:16Z INFO CredentialManager] Creating credential type: OAuth
[2021-04-07 07:21:16Z INFO RSAFileKeyManager] Loading RSA key parameters from file /Users/sunmingyang/Documents/test/deployDemo/prod/actions-runner/.credentials_rsaparams
[2021-04-07 07:21:16Z INFO RunnerServer] Establish connection with 100 seconds timeout.
[2021-04-07 07:21:16Z INFO GitHubActionsService] Starting operation Location.GetConnectionData
[2021-04-07 07:21:16Z INFO RunnerServer] Establish connection with 60 seconds timeout.
[2021-04-07 07:21:16Z INFO GitHubActionsService] Starting operation Location.GetConnectionData
[2021-04-07 07:21:16Z INFO RunnerServer] Establish connection with 60 seconds timeout.
[2021-04-07 07:21:16Z INFO GitHubActionsService] Starting operation Location.GetConnectionData
[2021-04-07 07:21:16Z INFO GitHubActionsService] Finished operation Location.GetConnectionData
[2021-04-07 07:21:16Z INFO GitHubActionsService] Finished operation Location.GetConnectionData
[2021-04-07 07:21:17Z INFO GitHubActionsService] Finished operation Location.GetConnectionData
[2021-04-07 07:21:17Z WARN GitHubActionsService] Authentication failed with status code 401.
WWW-Authenticate: Bearer
Strict-Transport-Security: max-age=2592000
X-TFS-ProcessId: 01a73a1b-7952-484e-a5dc-c64b3e9a95a5
ActivityId: 4b14a0a2-0453-4ac9-88e3-8e4f95e35ac9
X-TFS-Session: 3b6568f8-715c-43f6-9ea8-2805f3e77371
X-VSS-E2EID: 6a00ede1-0b01-40ee-913c-ad44f7b1d4d0
X-VSS-SenderDeploymentId: ac98198d-4d34-0364-420d-bafa6e51dce2
X-TFS-ServiceError: The+user+%27System%3aPublicAccess%3baaaaaaaa-aaaa-aaaa-aaaa-aaaaaaaaaaaa%27+is+not+authorized+to+access+this+resource.
X-VSS-S2STargetService: 0000005A-0000-8888-8000-000000000000/visualstudio.com
X-MSEdge-Ref: Ref A: 3E1D61B06D624DAC8D7F6812C9A50E14 Ref B: HKG30EDGE0407 Ref C: 2021-04-07T07:21:17Z
Date: Wed, 07 Apr 2021 07:21:16 GMT

[2021-04-07 07:21:17Z INFO RSAFileKeyManager] Loading RSA key parameters from file /Users/sunmingyang/Documents/test/deployDemo/prod/actions-runner/.credentials_rsaparams
[2021-04-07 07:21:17Z INFO RSAFileKeyManager] Loading RSA key parameters from file /Users/sunmingyang/Documents/test/deployDemo/prod/actions-runner/.credentials_rsaparams
[2021-04-07 07:21:18Z INFO GitHubActionsService] AAD Correlation ID for this token request: Unknown
[2021-04-07 07:21:18Z INFO CommandSettings] Arg 'work': ''
[2021-04-07 07:21:18Z INFO CommandSettings] Flag 'unattended': 'False'
[2021-04-07 07:21:18Z INFO PromptManager] ReadValue
[2021-04-07 07:21:18Z INFO Terminal] WRITE: Enter name of work folder: 
[2021-04-07 07:21:18Z INFO Terminal] WRITE: [press Enter for _work] 
[2021-04-07 07:21:18Z INFO Terminal] READ LINE
[2021-04-07 07:21:25Z INFO Terminal] Read value: 'react-app'
[2021-04-07 07:21:25Z INFO ConfigurationStore] Saving runner settings.
[2021-04-07 07:21:25Z INFO ConfigurationStore] Settings Saved.
[2021-04-07 07:21:25Z INFO Terminal] WRITE LINE: 
[2021-04-07 07:21:25Z INFO Terminal] WRITE LINE: 
[2021-04-07 07:21:25Z INFO OsxServiceControlManager] Service name 'actions.runner.raynasun0109-production.MacBook-Pro' display name 'GitHub Actions Runner (raynasun0109-production.MacBook-Pro)' will be used for service configuration.
[2021-04-07 07:21:25Z INFO HostContext] Well known directory 'Bin': '/Users/sunmingyang/Documents/test/deployDemo/prod/actions-runner/bin'
[2021-04-07 07:21:25Z INFO HostContext] Well known directory 'Root': '/Users/sunmingyang/Documents/test/deployDemo/prod/actions-runner'
[2021-04-07 07:21:25Z INFO HostContext] Well known directory 'Bin': '/Users/sunmingyang/Documents/test/deployDemo/prod/actions-runner/bin'
[2021-04-07 07:21:25Z INFO HostContext] Well known directory 'Bin': '/Users/sunmingyang/Documents/test/deployDemo/prod/actions-runner/bin'
[2021-04-07 07:21:25Z INFO HostContext] Well known directory 'Root': '/Users/sunmingyang/Documents/test/deployDemo/prod/actions-runner'
[2021-04-07 07:21:25Z INFO UnixUtil] Which: 'chmod'
[2021-04-07 07:21:25Z INFO UnixUtil] Location: '/bin/chmod'
[2021-04-07 07:21:25Z INFO UnixUtil] Running /bin/chmod 755 "/Users/sunmingyang/Documents/test/deployDemo/prod/actions-runner/svc.sh"
[2021-04-07 07:21:25Z INFO ProcessInvokerWrapper] Starting process:
[2021-04-07 07:21:25Z INFO ProcessInvokerWrapper]   File name: '/bin/chmod'
[2021-04-07 07:21:25Z INFO ProcessInvokerWrapper]   Arguments: '755 "/Users/sunmingyang/Documents/test/deployDemo/prod/actions-runner/svc.sh"'
[2021-04-07 07:21:25Z INFO ProcessInvokerWrapper]   Working directory: '/Users/sunmingyang/Documents/test/deployDemo/prod/actions-runner'
[2021-04-07 07:21:25Z INFO ProcessInvokerWrapper]   Require exit code zero: 'True'
[2021-04-07 07:21:25Z INFO ProcessInvokerWrapper]   Encoding web name:  ; code page: ''
[2021-04-07 07:21:25Z INFO ProcessInvokerWrapper]   Force kill process on cancellation: 'False'
[2021-04-07 07:21:25Z INFO ProcessInvokerWrapper]   Redirected STDIN: 'False'
[2021-04-07 07:21:25Z INFO ProcessInvokerWrapper]   Persist current code page: 'False'
[2021-04-07 07:21:25Z INFO ProcessInvokerWrapper]   Keep redirected STDIN open: 'False'
[2021-04-07 07:21:25Z INFO ProcessInvokerWrapper]   High priority process: 'False'
[2021-04-07 07:21:25Z INFO ProcessInvokerWrapper] Process started with process id 26919, waiting for process exit.
[2021-04-07 07:21:25Z INFO ProcessInvokerWrapper] STDOUT/STDERR stream read finished.
[2021-04-07 07:21:25Z INFO ProcessInvokerWrapper] STDOUT/STDERR stream read finished.
[2021-04-07 07:21:25Z INFO ProcessInvokerWrapper] Finished process 26919 with exit code 0, and elapsed time 00:00:00.0104853.
[2021-04-07 07:21:25Z INFO Listener] Runner execution has finished with return code 0
